The system is: Linux - 5.4.10-1-default - x86_64
Compiling the C compiler identification source file "CMakeCCompilerId.c" succeeded.
Compiler: /usr/bin/cc 
Build flags: 
Id flags:  

The output was:
0


Compilation of the C compiler identification source "CMakeCCompilerId.c" produced "a.out"

The C compiler identification is GNU, found in "/home/Archer/CLionProjects/task0/cmake-build-debug/CMakeFiles/3.15.3/CompilerIdC/a.out"

Determining if the C compiler works passed with the following output:
Change Dir: /home/Archer/CLionProjects/task0/cmake-build-debug/CMakeFiles/CMakeTmp

Run Build Command(s):/usr/bin/gmake cmTC_f05bc/fast && /usr/bin/gmake -f CMakeFiles/cmTC_f05bc.dir/build.make CMakeFiles/cmTC_f05bc.dir/build
gmake[1]: Entering directory '/home/Archer/CLionProjects/task0/cmake-build-debug/CMakeFiles/CMakeTmp'
Building C object CMakeFiles/cmTC_f05bc.dir/testCCompiler.c.o
/usr/bin/cc    -o CMakeFiles/cmTC_f05bc.dir/testCCompiler.c.o   -c /home/Archer/CLionProjects/task0/cmake-build-debug/CMakeFiles/CMakeTmp/testCCompiler.c
Linking C executable cmTC_f05bc
/home/Archer/.local/share/JetBrains/Toolbox/apps/CLion/ch-0/193.5662.56/bin/cmake/linux/bin/cmake -E cmake_link_script CMakeFiles/cmTC_f05bc.dir/link.txt --verbose=1
/usr/bin/cc      CMakeFiles/cmTC_f05bc.dir/testCCompiler.c.o  -o cmTC_f05bc 
gmake[1]: Leaving directory '/home/Archer/CLionProjects/task0/cmake-build-debug/CMakeFiles/CMakeTmp'



Detecting C compiler ABI info compiled with the following output:
Change Dir: /home/Archer/CLionProjects/task0/cmake-build-debug/CMakeFiles/CMakeTmp

Run Build Command(s):/usr/bin/gmake cmTC_f39f2/fast && /usr/bin/gmake -f CMakeFiles/cmTC_f39f2.dir/build.make CMakeFiles/cmTC_f39f2.dir/build
gmake[1]: Entering directory '/home/Archer/CLionProjects/task0/cmake-build-debug/CMakeFiles/CMakeTmp'
Building C object CMakeFiles/cmTC_f39f2.dir/CMakeCCompilerABI.c.o
/usr/bin/cc   -v -o CMakeFiles/cmTC_f39f2.dir/CMakeCCompilerABI.c.o   -c /home/Archer/.local/share/JetBrains/Toolbox/apps/CLion/ch-0/193.5662.56/bin/cmake/linux/share/cmake-3.15/Modules/CMakeCCompilerABI.c
Using built-in specs.
COLLECT_GCC=/usr/bin/cc
OFFLOAD_TARGET_NAMES=hsa:nvptx-none
Target: x86_64-suse-linux
Configured with: ../configure --prefix=/usr --infodir=/usr/share/info --mandir=/usr/share/man --libdir=/usr/lib64 --libexecdir=/usr/lib64 --enable-languages=c,c++,objc,fortran,obj-c++,ada,go,d --enable-offload-targets=hsa,nvptx-none=/usr/nvptx-none, --without-cuda-driver --disable-werror --with-gxx-include-dir=/usr/include/c++/9 --enable-ssp --disable-libssp --disable-libvtv --disable-cet --disable-libcc1 --enable-plugin --with-bugurl=https://bugs.opensuse.org/ --with-pkgversion='SUSE Linux' --with-slibdir=/lib64 --with-system-zlib --enable-libstdcxx-allocator=new --disable-libstdcxx-pch --enable-libphobos --enable-version-specific-runtime-libs --with-gcc-major-version-only --enable-linker-build-id --enable-linux-futex --enable-gnu-indirect-function --program-suffix=-9 --without-system-libunwind --enable-multilib --with-arch-32=x86-64 --with-tune=generic --with-build-config=bootstrap-lto-lean --enable-link-mutex --build=x86_64-suse-linux --host=x86_64-suse-linux
Thread model: posix
gcc version 9.2.1 20200109 [gcc-9-branch revision 280039] (SUSE Linux) 
COLLECT_GCC_OPTIONS='-v' '-o' 'CMakeFiles/cmTC_f39f2.dir/CMakeCCompilerABI.c.o' '-c' '-mtune=generic' '-march=x86-64'
 /usr/lib64/gcc/x86_64-suse-linux/9/cc1 -quiet -v /home/Archer/.local/share/JetBrains/Toolbox/apps/CLion/ch-0/193.5662.56/bin/cmake/linux/share/cmake-3.15/Modules/CMakeCCompilerABI.c -quiet -dumpbase CMakeCCompilerABI.c -mtune=generic -march=x86-64 -auxbase-strip CMakeFiles/cmTC_f39f2.dir/CMakeCCompilerABI.c.o -version -o /tmp/ccDEnejb.s
GNU C17 (SUSE Linux) version 9.2.1 20200109 [gcc-9-branch revision 280039] (x86_64-suse-linux)
	compiled by GNU C version 9.2.1 20200109 [gcc-9-branch revision 280039], GMP version 6.1.2, MPFR version 4.0.2, MPC version 1.1.0, isl version isl-0.22-GMP

GGC heuristics: --param ggc-min-expand=100 --param ggc-min-heapsize=131072
#include "..." search starts here:
#include <...> search starts here:
 /usr/lib64/gcc/x86_64-suse-linux/9/include
 /usr/local/include
 /usr/lib64/gcc/x86_64-suse-linux/9/include-fixed
 /usr/lib64/gcc/x86_64-suse-linux/9/../../../../x86_64-suse-linux/include
 /usr/include
End of search list.
GNU C17 (SUSE Linux) version 9.2.1 20200109 [gcc-9-branch revision 280039] (x86_64-suse-linux)
	compiled by GNU C version 9.2.1 20200109 [gcc-9-branch revision 280039], GMP version 6.1.2, MPFR version 4.0.2, MPC version 1.1.0, isl version isl-0.22-GMP

GGC heuristics: --param ggc-min-expand=100 --param ggc-min-heapsize=131072
Compiler executable checksum: 00000000000000000000000000000000
COLLECT_GCC_OPTIONS='-v' '-o' 'CMakeFiles/cmTC_f39f2.dir/CMakeCCompilerABI.c.o' '-c' '-mtune=generic' '-march=x86-64'
 /usr/lib64/gcc/x86_64-suse-linux/9/../../../../x86_64-suse-linux/bin/as -v --64 -o CMakeFiles/cmTC_f39f2.dir/CMakeCCompilerABI.c.o /tmp/ccDEnejb.s
GNU assembler version 2.33.1 (x86_64-suse-linux) using BFD version (GNU Binutils; openSUSE Tumbleweed) 2.33.1.20191023-3
COMPILER_PATH=/usr/lib64/gcc/x86_64-suse-linux/9/:/usr/lib64/gcc/x86_64-suse-linux/9/:/usr/lib64/gcc/x86_64-suse-linux/:/usr/lib64/gcc/x86_64-suse-linux/9/:/usr/lib64/gcc/x86_64-suse-linux/:/usr/lib64/gcc/x86_64-suse-linux/9/../../../../x86_64-suse-linux/bin/
LIBRARY_PATH=/usr/lib64/gcc/x86_64-suse-linux/9/:/usr/lib64/gcc/x86_64-suse-linux/9/../../../../lib64/:/lib/../lib64/:/usr/lib/../lib64/:/usr/lib64/gcc/x86_64-suse-linux/9/../../../../x86_64-suse-linux/lib/:/usr/lib64/gcc/x86_64-suse-linux/9/../../../:/lib/:/usr/lib/
COLLECT_GCC_OPTIONS='-v' '-o' 'CMakeFiles/cmTC_f39f2.dir/CMakeCCompilerABI.c.o' '-c' '-mtune=generic' '-march=x86-64'
Linking C executable cmTC_f39f2
/home/Archer/.local/share/JetBrains/Toolbox/apps/CLion/ch-0/193.5662.56/bin/cmake/linux/bin/cmake -E cmake_link_script CMakeFiles/cmTC_f39f2.dir/link.txt --verbose=1
/usr/bin/cc     -v CMakeFiles/cmTC_f39f2.dir/CMakeCCompilerABI.c.o  -o cmTC_f39f2 
Using built-in specs.
COLLECT_GCC=/usr/bin/cc
COLLECT_LTO_WRAPPER=/usr/lib64/gcc/x86_64-suse-linux/9/lto-wrapper
OFFLOAD_TARGET_NAMES=hsa:nvptx-none
Target: x86_64-suse-linux
Configured with: ../configure --prefix=/usr --infodir=/usr/share/info --mandir=/usr/share/man --libdir=/usr/lib64 --libexecdir=/usr/lib64 --enable-languages=c,c++,objc,fortran,obj-c++,ada,go,d --enable-offload-targets=hsa,nvptx-none=/usr/nvptx-none, --without-cuda-driver --disable-werror --with-gxx-include-dir=/usr/include/c++/9 --enable-ssp --disable-libssp --disable-libvtv --disable-cet --disable-libcc1 --enable-plugin --with-bugurl=https://bugs.opensuse.org/ --with-pkgversion='SUSE Linux' --with-slibdir=/lib64 --with-system-zlib --enable-libstdcxx-allocator=new --disable-libstdcxx-pch --enable-libphobos --enable-version-specific-runtime-libs --with-gcc-major-version-only --enable-linker-build-id --enable-linux-futex --enable-gnu-indirect-function --program-suffix=-9 --without-system-libunwind --enable-multilib --with-arch-32=x86-64 --with-tune=generic --with-build-config=bootstrap-lto-lean --enable-link-mutex --build=x86_64-suse-linux --host=x86_64-suse-linux
Thread model: posix
gcc version 9.2.1 20200109 [gcc-9-branch revision 280039] (SUSE Linux) 
COMPILER_PATH=/usr/lib64/gcc/x86_64-suse-linux/9/:/usr/lib64/gcc/x86_64-suse-linux/9/:/usr/lib64/gcc/x86_64-suse-linux/:/usr/lib64/gcc/x86_64-suse-linux/9/:/usr/lib64/gcc/x86_64-suse-linux/:/usr/lib64/gcc/x86_64-suse-linux/9/../../../../x86_64-suse-linux/bin/
LIBRARY_PATH=/usr/lib64/gcc/x86_64-suse-linux/9/:/usr/lib64/gcc/x86_64-suse-linux/9/../../../../lib64/:/lib/../lib64/:/usr/lib/../lib64/:/usr/lib64/gcc/x86_64-suse-linux/9/../../../../x86_64-suse-linux/lib/:/usr/lib64/gcc/x86_64-suse-linux/9/../../../:/lib/:/usr/lib/
COLLECT_GCC_OPTIONS='-v' '-o' 'cmTC_f39f2' '-mtune=generic' '-march=x86-64'
 /usr/lib64/gcc/x86_64-suse-linux/9/collect2 -plugin /usr/lib64/gcc/x86_64-suse-linux/9/liblto_plugin.so -plugin-opt=/usr/lib64/gcc/x86_64-suse-linux/9/lto-wrapper -plugin-opt=-fresolution=/tmp/cc6ZZ7Ew.res -plugin-opt=-pass-through=-lgcc -plugin-opt=-pass-through=-lgcc_s -plugin-opt=-pass-through=-lc -plugin-opt=-pass-through=-lgcc -plugin-opt=-pass-through=-lgcc_s --build-id --eh-frame-hdr -m elf_x86_64 -dynamic-linker /lib64/ld-linux-x86-64.so.2 -o cmTC_f39f2 /usr/lib64/gcc/x86_64-suse-linux/9/../../../../lib64/crt1.o /usr/lib64/gcc/x86_64-suse-linux/9/../../../../lib64/crti.o /usr/lib64/gcc/x86_64-suse-linux/9/crtbegin.o -L/usr/lib64/gcc/x86_64-suse-linux/9 -L/usr/lib64/gcc/x86_64-suse-linux/9/../../../../lib64 -L/lib/../lib64 -L/usr/lib/../lib64 -L/usr/lib64/gcc/x86_64-suse-linux/9/../../../../x86_64-suse-linux/lib -L/usr/lib64/gcc/x86_64-suse-linux/9/../../.. CMakeFiles/cmTC_f39f2.dir/CMakeCCompilerABI.c.o -lgcc --push-state --as-needed -lgcc_s --pop-state -lc -lgcc --push-state --as-needed -lgcc_s --pop-state /usr/lib64/gcc/x86_64-suse-linux/9/crtend.o /usr/lib64/gcc/x86_64-suse-linux/9/../../../../lib64/crtn.o
COLLECT_GCC_OPTIONS='-v' '-o' 'cmTC_f39f2' '-mtune=generic' '-march=x86-64'
gmake[1]: Leaving directory '/home/Archer/CLionProjects/task0/cmake-build-debug/CMakeFiles/CMakeTmp'



Parsed C implicit include dir info from above output: rv=done
  found start of include info
  found start of implicit include info
    add: [/usr/lib64/gcc/x86_64-suse-linux/9/include]
    add: [/usr/local/include]
    add: [/usr/lib64/gcc/x86_64-suse-linux/9/include-fixed]
    add: [/usr/lib64/gcc/x86_64-suse-linux/9/../../../../x86_64-suse-linux/include]
    add: [/usr/include]
  end of search list found
  collapse include dir [/usr/lib64/gcc/x86_64-suse-linux/9/include] ==> [/usr/lib64/gcc/x86_64-suse-linux/9/include]
  collapse include dir [/usr/local/include] ==> [/usr/local/include]
  collapse include dir [/usr/lib64/gcc/x86_64-suse-linux/9/include-fixed] ==> [/usr/lib64/gcc/x86_64-suse-linux/9/include-fixed]
  collapse include dir [/usr/lib64/gcc/x86_64-suse-linux/9/../../../../x86_64-suse-linux/include] ==> [/usr/x86_64-suse-linux/include]
  collapse include dir [/usr/include] ==> [/usr/include]
  implicit include dirs: [/usr/lib64/gcc/x86_64-suse-linux/9/include;/usr/local/include;/usr/lib64/gcc/x86_64-suse-linux/9/include-fixed;/usr/x86_64-suse-linux/include;/usr/include]


Parsed C implicit link information from above output:
  link line regex: [^( *|.*[/\])(ld|CMAKE_LINK_STARTFILE-NOTFOUND|([^/\]+-)?ld|collect2)[^/\]*( |$)]
  ignore line: [Change Dir: /home/Archer/CLionProjects/task0/cmake-build-debug/CMakeFiles/CMakeTmp]
  ignore line: []
  ignore line: [Run Build Command(s):/usr/bin/gmake cmTC_f39f2/fast && /usr/bin/gmake -f CMakeFiles/cmTC_f39f2.dir/build.make CMakeFiles/cmTC_f39f2.dir/build]
  ignore line: [gmake[1]: Entering directory '/home/Archer/CLionProjects/task0/cmake-build-debug/CMakeFiles/CMakeTmp']
  ignore line: [Building C object CMakeFiles/cmTC_f39f2.dir/CMakeCCompilerABI.c.o]
  ignore line: [/usr/bin/cc   -v -o CMakeFiles/cmTC_f39f2.dir/CMakeCCompilerABI.c.o   -c /home/Archer/.local/share/JetBrains/Toolbox/apps/CLion/ch-0/193.5662.56/bin/cmake/linux/share/cmake-3.15/Modules/CMakeCCompilerABI.c]
  ignore line: [Using built-in specs.]
  ignore line: [COLLECT_GCC=/usr/bin/cc]
  ignore line: [OFFLOAD_TARGET_NAMES=hsa:nvptx-none]
  ignore line: [Target: x86_64-suse-linux]
  ignore line: [Configured with: ../configure --prefix=/usr --infodir=/usr/share/info --mandir=/usr/share/man --libdir=/usr/lib64 --libexecdir=/usr/lib64 --enable-languages=c,c++,objc,fortran,obj-c++,ada,go,d --enable-offload-targets=hsa,nvptx-none=/usr/nvptx-none, --without-cuda-driver --disable-werror --with-gxx-include-dir=/usr/include/c++/9 --enable-ssp --disable-libssp --disable-libvtv --disable-cet --disable-libcc1 --enable-plugin --with-bugurl=https://bugs.opensuse.org/ --with-pkgversion='SUSE Linux' --with-slibdir=/lib64 --with-system-zlib --enable-libstdcxx-allocator=new --disable-libstdcxx-pch --enable-libphobos --enable-version-specific-runtime-libs --with-gcc-major-version-only --enable-linker-build-id --enable-linux-futex --enable-gnu-indirect-function --program-suffix=-9 --without-system-libunwind --enable-multilib --with-arch-32=x86-64 --with-tune=generic --with-build-config=bootstrap-lto-lean --enable-link-mutex --build=x86_64-suse-linux --host=x86_64-suse-linux]
  ignore line: [Thread model: posix]
  ignore line: [gcc version 9.2.1 20200109 [gcc-9-branch revision 280039] (SUSE Linux) ]
  ignore line: [COLLECT_GCC_OPTIONS='-v' '-o' 'CMakeFiles/cmTC_f39f2.dir/CMakeCCompilerABI.c.o' '-c' '-mtune=generic' '-march=x86-64']
  ignore line: [ /usr/lib64/gcc/x86_64-suse-linux/9/cc1 -quiet -v /home/Archer/.local/share/JetBrains/Toolbox/apps/CLion/ch-0/193.5662.56/bin/cmake/linux/share/cmake-3.15/Modules/CMakeCCompilerABI.c -quiet -dumpbase CMakeCCompilerABI.c -mtune=generic -march=x86-64 -auxbase-strip CMakeFiles/cmTC_f39f2.dir/CMakeCCompilerABI.c.o -version -o /tmp/ccDEnejb.s]
  ignore line: [GNU C17 (SUSE Linux) version 9.2.1 20200109 [gcc-9-branch revision 280039] (x86_64-suse-linux)]
  ignore line: [	compiled by GNU C version 9.2.1 20200109 [gcc-9-branch revision 280039], GMP version 6.1.2, MPFR version 4.0.2, MPC version 1.1.0, isl version isl-0.22-GMP]
  ignore line: []
  ignore line: [GGC heuristics: --param ggc-min-expand=100 --param ggc-min-heapsize=131072]
  ignore line: [#include "..." search starts here:]
  ignore line: [#include <...> search starts here:]
  ignore line: [ /usr/lib64/gcc/x86_64-suse-linux/9/include]
  ignore line: [ /usr/local/include]
  ignore line: [ /usr/lib64/gcc/x86_64-suse-linux/9/include-fixed]
  ignore line: [ /usr/lib64/gcc/x86_64-suse-linux/9/../../../../x86_64-suse-linux/include]
  ignore line: [ /usr/include]
  ignore line: [End of search list.]
  ignore line: [GNU C17 (SUSE Linux) version 9.2.1 20200109 [gcc-9-branch revision 280039] (x86_64-suse-linux)]
  ignore line: [	compiled by GNU C version 9.2.1 20200109 [gcc-9-branch revision 280039], GMP version 6.1.2, MPFR version 4.0.2, MPC version 1.1.0, isl version isl-0.22-GMP]
  ignore line: []
  ignore line: [GGC heuristics: --param ggc-min-expand=100 --param ggc-min-heapsize=131072]
  ignore line: [Compiler executable checksum: 00000000000000000000000000000000]
  ignore line: [COLLECT_GCC_OPTIONS='-v' '-o' 'CMakeFiles/cmTC_f39f2.dir/CMakeCCompilerABI.c.o' '-c' '-mtune=generic' '-march=x86-64']
  ignore line: [ /usr/lib64/gcc/x86_64-suse-linux/9/../../../../x86_64-suse-linux/bin/as -v --64 -o CMakeFiles/cmTC_f39f2.dir/CMakeCCompilerABI.c.o /tmp/ccDEnejb.s]
  ignore line: [GNU assembler version 2.33.1 (x86_64-suse-linux) using BFD version (GNU Binutils]
  ignore line: [ openSUSE Tumbleweed) 2.33.1.20191023-3]
  ignore line: [COMPILER_PATH=/usr/lib64/gcc/x86_64-suse-linux/9/:/usr/lib64/gcc/x86_64-suse-linux/9/:/usr/lib64/gcc/x86_64-suse-linux/:/usr/lib64/gcc/x86_64-suse-linux/9/:/usr/lib64/gcc/x86_64-suse-linux/:/usr/lib64/gcc/x86_64-suse-linux/9/../../../../x86_64-suse-linux/bin/]
  ignore line: [LIBRARY_PATH=/usr/lib64/gcc/x86_64-suse-linux/9/:/usr/lib64/gcc/x86_64-suse-linux/9/../../../../lib64/:/lib/../lib64/:/usr/lib/../lib64/:/usr/lib64/gcc/x86_64-suse-linux/9/../../../../x86_64-suse-linux/lib/:/usr/lib64/gcc/x86_64-suse-linux/9/../../../:/lib/:/usr/lib/]
  ignore line: [COLLECT_GCC_OPTIONS='-v' '-o' 'CMakeFiles/cmTC_f39f2.dir/CMakeCCompilerABI.c.o' '-c' '-mtune=generic' '-march=x86-64']
  ignore line: [Linking C executable cmTC_f39f2]
  ignore line: [/home/Archer/.local/share/JetBrains/Toolbox/apps/CLion/ch-0/193.5662.56/bin/cmake/linux/bin/cmake -E cmake_link_script CMakeFiles/cmTC_f39f2.dir/link.txt --verbose=1]
  ignore line: [/usr/bin/cc     -v CMakeFiles/cmTC_f39f2.dir/CMakeCCompilerABI.c.o  -o cmTC_f39f2 ]
  ignore line: [Using built-in specs.]
  ignore line: [COLLECT_GCC=/usr/bin/cc]
  ignore line: [COLLECT_LTO_WRAPPER=/usr/lib64/gcc/x86_64-suse-linux/9/lto-wrapper]
  ignore line: [OFFLOAD_TARGET_NAMES=hsa:nvptx-none]
  ignore line: [Target: x86_64-suse-linux]
  ignore line: [Configured with: ../configure --prefix=/usr --infodir=/usr/share/info --mandir=/usr/share/man --libdir=/usr/lib64 --libexecdir=/usr/lib64 --enable-languages=c,c++,objc,fortran,obj-c++,ada,go,d --enable-offload-targets=hsa,nvptx-none=/usr/nvptx-none, --without-cuda-driver --disable-werror --with-gxx-include-dir=/usr/include/c++/9 --enable-ssp --disable-libssp --disable-libvtv --disable-cet --disable-libcc1 --enable-plugin --with-bugurl=https://bugs.opensuse.org/ --with-pkgversion='SUSE Linux' --with-slibdir=/lib64 --with-system-zlib --enable-libstdcxx-allocator=new --disable-libstdcxx-pch --enable-libphobos --enable-version-specific-runtime-libs --with-gcc-major-version-only --enable-linker-build-id --enable-linux-futex --enable-gnu-indirect-function --program-suffix=-9 --without-system-libunwind --enable-multilib --with-arch-32=x86-64 --with-tune=generic --with-build-config=bootstrap-lto-lean --enable-link-mutex --build=x86_64-suse-linux --host=x86_64-suse-linux]
  ignore line: [Thread model: posix]
  ignore line: [gcc version 9.2.1 20200109 [gcc-9-branch revision 280039] (SUSE Linux) ]
  ignore line: [COMPILER_PATH=/usr/lib64/gcc/x86_64-suse-linux/9/:/usr/lib64/gcc/x86_64-suse-linux/9/:/usr/lib64/gcc/x86_64-suse-linux/:/usr/lib64/gcc/x86_64-suse-linux/9/:/usr/lib64/gcc/x86_64-suse-linux/:/usr/lib64/gcc/x86_64-suse-linux/9/../../../../x86_64-suse-linux/bin/]
  ignore line: [LIBRARY_PATH=/usr/lib64/gcc/x86_64-suse-linux/9/:/usr/lib64/gcc/x86_64-suse-linux/9/../../../../lib64/:/lib/../lib64/:/usr/lib/../lib64/:/usr/lib64/gcc/x86_64-suse-linux/9/../../../../x86_64-suse-linux/lib/:/usr/lib64/gcc/x86_64-suse-linux/9/../../../:/lib/:/usr/lib/]
  ignore line: [COLLECT_GCC_OPTIONS='-v' '-o' 'cmTC_f39f2' '-mtune=generic' '-march=x86-64']
  link line: [ /usr/lib64/gcc/x86_64-suse-linux/9/collect2 -plugin /usr/lib64/gcc/x86_64-suse-linux/9/liblto_plugin.so -plugin-opt=/usr/lib64/gcc/x86_64-suse-linux/9/lto-wrapper -plugin-opt=-fresolution=/tmp/cc6ZZ7Ew.res -plugin-opt=-pass-through=-lgcc -plugin-opt=-pass-through=-lgcc_s -plugin-opt=-pass-through=-lc -plugin-opt=-pass-through=-lgcc -plugin-opt=-pass-through=-lgcc_s --build-id --eh-frame-hdr -m elf_x86_64 -dynamic-linker /lib64/ld-linux-x86-64.so.2 -o cmTC_f39f2 /usr/lib64/gcc/x86_64-suse-linux/9/../../../../lib64/crt1.o /usr/lib64/gcc/x86_64-suse-linux/9/../../../../lib64/crti.o /usr/lib64/gcc/x86_64-suse-linux/9/crtbegin.o -L/usr/lib64/gcc/x86_64-suse-linux/9 -L/usr/lib64/gcc/x86_64-suse-linux/9/../../../../lib64 -L/lib/../lib64 -L/usr/lib/../lib64 -L/usr/lib64/gcc/x86_64-suse-linux/9/../../../../x86_64-suse-linux/lib -L/usr/lib64/gcc/x86_64-suse-linux/9/../../.. CMakeFiles/cmTC_f39f2.dir/CMakeCCompilerABI.c.o -lgcc --push-state --as-needed -lgcc_s --pop-state -lc -lgcc --push-state --as-needed -lgcc_s --pop-state /usr/lib64/gcc/x86_64-suse-linux/9/crtend.o /usr/lib64/gcc/x86_64-suse-linux/9/../../../../lib64/crtn.o]
    arg [/usr/lib64/gcc/x86_64-suse-linux/9/collect2] ==> ignore
    arg [-plugin] ==> ignore
    arg [/usr/lib64/gcc/x86_64-suse-linux/9/liblto_plugin.so] ==> ignore
    arg [-plugin-opt=/usr/lib64/gcc/x86_64-suse-linux/9/lto-wrapper] ==> ignore
    arg [-plugin-opt=-fresolution=/tmp/cc6ZZ7Ew.res] ==> ignore
    arg [-plugin-opt=-pass-through=-lgcc] ==> ignore
    arg [-plugin-opt=-pass-through=-lgcc_s] ==> ignore
    arg [-plugin-opt=-pass-through=-lc] ==> ignore
    arg [-plugin-opt=-pass-through=-lgcc] ==> ignore
    arg [-plugin-opt=-pass-through=-lgcc_s] ==> ignore
    arg [--build-id] ==> ignore
    arg [--eh-frame-hdr] ==> ignore
    arg [-m] ==> ignore
    arg [elf_x86_64] ==> ignore
    arg [-dynamic-linker] ==> ignore
    arg [/lib64/ld-linux-x86-64.so.2] ==> ignore
    arg [-o] ==> ignore
    arg [cmTC_f39f2] ==> ignore
    arg [/usr/lib64/gcc/x86_64-suse-linux/9/../../../../lib64/crt1.o] ==> ignore
    arg [/usr/lib64/gcc/x86_64-suse-linux/9/../../../../lib64/crti.o] ==> ignore
    arg [/usr/lib64/gcc/x86_64-suse-linux/9/crtbegin.o] ==> ignore
    arg [-L/usr/lib64/gcc/x86_64-suse-linux/9] ==> dir [/usr/lib64/gcc/x86_64-suse-linux/9]
    arg [-L/usr/lib64/gcc/x86_64-suse-linux/9/../../../../lib64] ==> dir [/usr/lib64/gcc/x86_64-suse-linux/9/../../../../lib64]
    arg [-L/lib/../lib64] ==> dir [/lib/../lib64]
    arg [-L/usr/lib/../lib64] ==> dir [/usr/lib/../lib64]
    arg [-L/usr/lib64/gcc/x86_64-suse-linux/9/../../../../x86_64-suse-linux/lib] ==> dir [/usr/lib64/gcc/x86_64-suse-linux/9/../../../../x86_64-suse-linux/lib]
    arg [-L/usr/lib64/gcc/x86_64-suse-linux/9/../../..] ==> dir [/usr/lib64/gcc/x86_64-suse-linux/9/../../..]
    arg [CMakeFiles/cmTC_f39f2.dir/CMakeCCompilerABI.c.o] ==> ignore
    arg [-lgcc] ==> lib [gcc]
    arg [--push-state] ==> ignore
    arg [--as-needed] ==> ignore
    arg [-lgcc_s] ==> lib [gcc_s]
    arg [--pop-state] ==> ignore
    arg [-lc] ==> lib [c]
    arg [-lgcc] ==> lib [gcc]
    arg [--push-state] ==> ignore
    arg [--as-needed] ==> ignore
    arg [-lgcc_s] ==> lib [gcc_s]
    arg [--pop-state] ==> ignore
    arg [/usr/lib64/gcc/x86_64-suse-linux/9/crtend.o] ==> ignore
    arg [/usr/lib64/gcc/x86_64-suse-linux/9/../../../../lib64/crtn.o] ==> ignore
  collapse library dir [/usr/lib64/gcc/x86_64-suse-linux/9] ==> [/usr/lib64/gcc/x86_64-suse-linux/9]
  collapse library dir [/usr/lib64/gcc/x86_64-suse-linux/9/../../../../lib64] ==> [/usr/lib64]
  collapse library dir [/lib/../lib64] ==> [/lib64]
  collapse library dir [/usr/lib/../lib64] ==> [/usr/lib64]
  collapse library dir [/usr/lib64/gcc/x86_64-suse-linux/9/../../../../x86_64-suse-linux/lib] ==> [/usr/x86_64-suse-linux/lib]
  collapse library dir [/usr/lib64/gcc/x86_64-suse-linux/9/../../..] ==> [/usr/lib64]
  implicit libs: [gcc;gcc_s;c;gcc;gcc_s]
  implicit dirs: [/usr/lib64/gcc/x86_64-suse-linux/9;/usr/lib64;/lib64;/usr/x86_64-suse-linux/lib]
  implicit fwks: []


